<?xml version="1.0" encoding="UTF-8"?>
<!-- Generated by org.testng.reporters.JUnitReportReporter -->
<testsuite skipped="0" hostname="DESKTOP-TUFTEPN" name="com.au.testcases.LoginTest" tests="1" failures="0" timestamp="12 Aug 2021 09:41:52 GMT" time="0.093" errors="0">
  <testcase name="login" time="0.093" classname="com.au.testcases.LoginTest"/>
</testsuite> <!-- com.au.testcases.LoginTest -->
