<?xml version="1.0" encoding="UTF-8"?>
<!-- Generated by org.testng.reporters.JUnitReportReporter -->
<testsuite skipped="0" hostname="DESKTOP-TUFTEPN" name="com.au.testcases.LoginTest" tests="1" failures="0" timestamp="12 Aug 2021 11:53:54 GMT" time="4.615" errors="0">
  <testcase name="login" time="4.615" classname="com.au.testcases.LoginTest"/>
</testsuite> <!-- com.au.testcases.LoginTest -->
